Info: Starting: Create simulation model
Info: qsys-generate C:\Users\mh\Desktop\fft128test1\fft128.qsys --simulation=VHDL --allow-mixed-language-simulation --output-directory=C:\Users\mh\Desktop\fft128test1\fft128\simulation --family="Cyclone V" --part=5CSXFC6D6F31C6
Progress: Loading fft128test1/fft128.qsys
Progress: Reading input file
Progress: Adding fft_ii_0 [altera_fft_ii 17.0]
Progress: Parameterizing module fft_ii_0
Progress: Building connections
Progress: Parameterizing connections
Progress: Validating
Progress: Done reading input file
Info: fft128.fft_ii_0: Radix-4 digit reverse implied
Info: fft128: Generating fft128 "fft128" for SIM_VHDL
Info: fft_ii_0: --- add file: fft128_fft_ii_0_twqfp2.hex
Info: fft_ii_0: --- add file: fft128_fft_ii_0_twrfp1.hex
Info: fft_ii_0: --- add file: fft128_fft_ii_0_twifp2.hex
Info: fft_ii_0: --- add file: fft128_fft_ii_0_twrfp2.hex
Info: fft_ii_0: --- add file: fft128_fft_ii_0_twqfp3.hex
Info: fft_ii_0: --- add file: fft128_fft_ii_0_twifp3.hex
Info: fft_ii_0: --- add file: fft128_fft_ii_0_twrfp3.hex
Info: fft_ii_0: --- add file: fft128_fft_ii_0_twifp1.hex
Info: fft_ii_0: --- add file: fft128_fft_ii_0_twqfp1.hex
Info: fft_ii_0: "fft128" instantiated altera_fft_ii "fft_ii_0"
Info: fft128: Done "fft128" with 2 modules, 169 files
Info: qsys-generate succeeded.
Info: Finished: Create simulation model
Info: Starting: Create Modelsim Project.
Info: sim-script-gen --spd=C:\Users\mh\Desktop\fft128test1\fft128\fft128.spd --output-directory=C:/Users/mh/Desktop/fft128test1/fft128/simulation/ --use-relative-paths=true
Info: Doing: ip-make-simscript --spd=C:\Users\mh\Desktop\fft128test1\fft128\fft128.spd --output-directory=C:/Users/mh/Desktop/fft128test1/fft128/simulation/ --use-relative-paths=true
Info: Generating the following file(s) for MODELSIM simulator in C:/Users/mh/Desktop/fft128test1/fft128/simulation/ directory:
Info: 	mentor/msim_setup.tcl
Info: Skipping VCS script generation since VHDL file $QUARTUS_INSTALL_DIR/eda/sim_lib/altera_syn_attributes.vhd is required for simulation
Info: Generating the following file(s) for VCSMX simulator in C:/Users/mh/Desktop/fft128test1/fft128/simulation/ directory:
Info: 	synopsys/vcsmx/synopsys_sim.setup
Info: 	synopsys/vcsmx/vcsmx_setup.sh
Info: Generating the following file(s) for NCSIM simulator in C:/Users/mh/Desktop/fft128test1/fft128/simulation/ directory:
Info: 	cadence/cds.lib
Info: 	cadence/hdl.var
Info: 	cadence/ncsim_setup.sh
Info: 	1 .cds.lib files in cadence/cds_libs/ directory
Info: Generating the following file(s) for RIVIERA simulator in C:/Users/mh/Desktop/fft128test1/fft128/simulation/ directory:
Info: 	aldec/rivierapro_setup.tcl
Info: For information on how to simulate your IP, see the explanatory comments in the simulator-specific subdirectories under C:/Users/mh/Desktop/fft128test1/fft128/simulation/.
Info: Regenerate these scripts whenever you make any change to any Quartus-generated IP in your project.
Info: Finished: Create Modelsim Project.
Info: Starting: Create block symbol file (.bsf)
Info: qsys-generate C:\Users\mh\Desktop\fft128test1\fft128.qsys --block-symbol-file --output-directory=C:\Users\mh\Desktop\fft128test1\fft128 --family="Cyclone V" --part=5CSXFC6D6F31C6
Progress: Loading fft128test1/fft128.qsys
Progress: Reading input file
Progress: Adding fft_ii_0 [altera_fft_ii 17.0]
Progress: Parameterizing module fft_ii_0
Progress: Building connections
Progress: Parameterizing connections
Progress: Validating
Progress: Done reading input file
Info: fft128.fft_ii_0: Radix-4 digit reverse implied
Info: qsys-generate succeeded.
Info: Finished: Create block symbol file (.bsf)
Info: 
Info: Starting: Create HDL design files for synthesis
Info: qsys-generate C:\Users\mh\Desktop\fft128test1\fft128.qsys --synthesis=VHDL --greybox --output-directory=C:\Users\mh\Desktop\fft128test1\fft128\synthesis --family="Cyclone V" --part=5CSXFC6D6F31C6
Progress: Loading fft128test1/fft128.qsys
Progress: Reading input file
Progress: Adding fft_ii_0 [altera_fft_ii 17.0]
Progress: Parameterizing module fft_ii_0
Progress: Building connections
Progress: Parameterizing connections
Progress: Validating
Progress: Done reading input file
Info: fft128.fft_ii_0: Radix-4 digit reverse implied
Info: fft128: Generating fft128 "fft128" for QUARTUS_SYNTH
Info: fft_ii_0: --- add file: fft128_fft_ii_0_twqfp2.hex
Info: fft_ii_0: --- add file: fft128_fft_ii_0_twrfp1.hex
Info: fft_ii_0: --- add file: fft128_fft_ii_0_twifp2.hex
Info: fft_ii_0: --- add file: fft128_fft_ii_0_twrfp2.hex
Info: fft_ii_0: --- add file: fft128_fft_ii_0_twqfp3.hex
Info: fft_ii_0: --- add file: fft128_fft_ii_0_twifp3.hex
Info: fft_ii_0: --- add file: fft128_fft_ii_0_twrfp3.hex
Info: fft_ii_0: --- add file: fft128_fft_ii_0_twifp1.hex
Info: fft_ii_0: --- add file: fft128_fft_ii_0_twqfp1.hex
Info: fft_ii_0: "fft128" instantiated altera_fft_ii "fft_ii_0"
Info: fft128: Done "fft128" with 2 modules, 67 files
Info: Generating third-party timing and resource estimation model ...
Info: Done generating third-party timing and resource estimation model.
Info: qsys-generate succeeded.
Info: Finished: Create HDL design files for synthesis
